#
# An unexpected error has occurred (11)
#
Stack:
/lib/x86_64-linux-gnu/libc.so.6(+0x46210) [0x7fad18726210]
/lib/x86_64-linux-gnu/libc.so.6(malloc_usable_size+0x48) [0x7fad1877f378]
/lib/x86_64-linux-gnu/libudev.so.1(+0x10319) [0x7facc1810319]
/lib/x86_64-linux-gnu/libudev.so.1(+0x167c4) [0x7facc18167c4]
/lib/x86_64-linux-gnu/libudev.so.1(+0x1b255) [0x7facc181b255]
/lib/x86_64-linux-gnu/libudev.so.1(+0x1b4bb) [0x7facc181b4bb]
/lib/x86_64-linux-gnu/libudev.so.1(udev_enumerate_scan_devices+0x294) [0x7facc181dd84]
/home/ubuntu/tools/Xilinx/Vivado/2020.2/lib/lnx64.o/libXil_lmgr11.so(+0x10f927) [0x7fad1021f927]
/home/ubuntu/tools/Xilinx/Vivado/2020.2/lib/lnx64.o/libXil_lmgr11.so(xilinxd_52bd858d5acf2fc4+0x9) [0x7fad1021fd89]
/home/ubuntu/tools/Xilinx/Vivado/2020.2/lib/lnx64.o/libXil_lmgr11.so(+0xc6566) [0x7fad101d6566]
/home/ubuntu/tools/Xilinx/Vivado/2020.2/lib/lnx64.o/libXil_lmgr11.so(xilinxd_52bd853912de43c2+0xc8) [0x7fad101d6098]
/home/ubuntu/tools/Xilinx/Vivado/2020.2/lib/lnx64.o/libXil_lmgr11.so(+0xb33a2) [0x7fad101c33a2]
/home/ubuntu/tools/Xilinx/Vivado/2020.2/lib/lnx64.o/libXil_lmgr11.so(xilinxd_52bd995765656b48+0x2a) [0x7fad101cd5da]
/home/ubuntu/tools/Xilinx/Vivado/2020.2/lib/lnx64.o/libXil_lmgr11.so(xilinxd_52bd700d1bd3c616+0x73) [0x7fad101cd6c3]
/home/ubuntu/tools/Xilinx/Vivado/2020.2/lib/lnx64.o/librdi_commonxillic.so(XilReg::Utils::GetHostInfo[abi:cxx11](XilReg::Utils::HostInfoType, bool) const+0x1c8) [0x7fad14515f68]
/home/ubuntu/tools/Xilinx/Vivado/2020.2/lib/lnx64.o/librdi_commonxillic.so(XilReg::Utils::GetHostInfoFormatted[abi:cxx11](XilReg::Utils::HostInfoType, bool) const+0x52) [0x7fad14519d62]
/home/ubuntu/tools/Xilinx/Vivado/2020.2/lib/lnx64.o/librdi_commonxillic.so(XilReg::Utils::GetHostInfo[abi:cxx11]() const+0x183) [0x7fad1451a023]
/home/ubuntu/tools/Xilinx/Vivado/2020.2/lib/lnx64.o/librdi_commonxillic.so(XilReg::Utils::GetRegInfo(std::__cxx11::basic_string<char, std::char_traits<char>, std::allocator<char> > const&, bool, bool)+0xc6) [0x7fad14524996]
/home/ubuntu/tools/Xilinx/Vivado/2020.2/lib/lnx64.o/librdi_commonxillic.so(XilReg::Utils::GetRegInfoWebTalk(std::__cxx11::basic_string<char, std::char_traits<char>, std::allocator<char> > const&)+0x60) [0x7fad14524c20]
/home/ubuntu/tools/Xilinx/Vivado/2020.2/lib/lnx64.o/librdi_project.so(HAPRWebtalkHelper::getRegistrationId[abi:cxx11]() const+0x3a) [0x7facdcfbcada]
/home/ubuntu/tools/Xilinx/Vivado/2020.2/lib/lnx64.o/librdi_project.so(HAPRWebtalkHelper::HAPRWebtalkHelper(HAPRProject*, HAPRDesign*, HWEWebtalkMgr*, std::__cxx11::basic_string<char, std::char_traits<char>, std::allocator<char> > const&)+0xb0) [0x7facdcfbcf50]
/home/ubuntu/tools/Xilinx/Vivado/2020.2/lib/lnx64.o/librdi_project.so(HAPRDesign::prepAndTransmitWebtalkData(std::__cxx11::basic_string<char, std::char_traits<char>, std::allocator<char> >, bool)+0x77) [0x7facdce7a207]
/home/ubuntu/tools/Xilinx/Vivado/2020.2/lib/lnx64.o/librdi_vivadotasks.so(+0x59f240) [0x7facc585f240]
/home/ubuntu/tools/Xilinx/Vivado/2020.2/lib/lnx64.o/librdi_vivadotasks.so(+0x5a2339) [0x7facc5862339]
/home/ubuntu/tools/Xilinx/Vivado/2020.2/lib/lnx64.o/librdi_common.so(+0x9cfb1d) [0x7fad19a7fb1d]
/home/ubuntu/tools/Xilinx/Vivado/2020.2/lib/lnx64.o/libtcl8.5.so(+0x3356f) [0x7fad13d5356f]
/home/ubuntu/tools/Xilinx/Vivado/2020.2/lib/lnx64.o/libtcl8.5.so(+0x76945) [0x7fad13d96945]
/home/ubuntu/tools/Xilinx/Vivado/2020.2/lib/lnx64.o/libtcl8.5.so(+0x7e0f9) [0x7fad13d9e0f9]
/home/ubuntu/tools/Xilinx/Vivado/2020.2/lib/lnx64.o/libtcl8.5.so(TclEvalObjEx+0x76) [0x7fad13d55216]
/home/ubuntu/tools/Xilinx/Vivado/2020.2/lib/lnx64.o/librdi_commontasks.so(+0x1dba74) [0x7fad0d17ba74]
/home/ubuntu/tools/Xilinx/Vivado/2020.2/lib/lnx64.o/libtcl8.5.so(+0x3356f) [0x7fad13d5356f]
/home/ubuntu/tools/Xilinx/Vivado/2020.2/lib/lnx64.o/libtcl8.5.so(+0x34bf8) [0x7fad13d54bf8]
/home/ubuntu/tools/Xilinx/Vivado/2020.2/lib/lnx64.o/libtcl8.5.so(+0xad566) [0x7fad13dcd566]
/home/ubuntu/tools/Xilinx/Vivado/2020.2/lib/lnx64.o/libtcl8.5.so(+0x34785) [0x7fad13d54785]
/home/ubuntu/tools/Xilinx/Vivado/2020.2/lib/lnx64.o/libtcl8.5.so(Tcl_EvalEx+0x13) [0x7fad13d55163]
/home/ubuntu/tools/Xilinx/Vivado/2020.2/lib/lnx64.o/libtcl8.5.so(Tcl_FSEvalFileEx+0x1da) [0x7fad13db9d2a]
/home/ubuntu/tools/Xilinx/Vivado/2020.2/lib/lnx64.o/librdi_commontasks.so(+0x1f8c0d) [0x7fad0d198c0d]
/home/ubuntu/tools/Xilinx/Vivado/2020.2/lib/lnx64.o/librdi_common.so(+0x9cfb1d) [0x7fad19a7fb1d]
/home/ubuntu/tools/Xilinx/Vivado/2020.2/lib/lnx64.o/libtcl8.5.so(+0x3356f) [0x7fad13d5356f]
/home/ubuntu/tools/Xilinx/Vivado/2020.2/lib/lnx64.o/libtcl8.5.so(Tcl_EvalObjv+0x32) [0x7fad13d536a2]
/home/ubuntu/tools/Xilinx/Vivado/2020.2/lib/lnx64.o/libtcl8.5.so(TclEvalObjEx+0x322) [0x7fad13d554c2]
/home/ubuntu/tools/Xilinx/Vivado/2020.2/lib/lnx64.o/librdi_commontasks.so(+0x23f1d9) [0x7fad0d1df1d9]
/home/ubuntu/tools/Xilinx/Vivado/2020.2/lib/lnx64.o/librdi_commontasks.so(+0x240bde) [0x7fad0d1e0bde]
/home/ubuntu/tools/Xilinx/Vivado/2020.2/lib/lnx64.o/librdi_common.so(+0x9cfb1d) [0x7fad19a7fb1d]
/home/ubuntu/tools/Xilinx/Vivado/2020.2/lib/lnx64.o/libtcl8.5.so(+0x3356f) [0x7fad13d5356f]
/home/ubuntu/tools/Xilinx/Vivado/2020.2/lib/lnx64.o/libtcl8.5.so(Tcl_EvalObjv+0x32) [0x7fad13d536a2]
/home/ubuntu/tools/Xilinx/Vivado/2020.2/lib/lnx64.o/libtcl8.5.so(TclEvalObjEx+0x322) [0x7fad13d554c2]
/home/ubuntu/tools/Xilinx/Vivado/2020.2/lib/lnx64.o/librdi_commonmain.so(+0xad53) [0x7fad18e9ad53]
/home/ubuntu/tools/Xilinx/Vivado/2020.2/lib/lnx64.o/libtcl8.5.so(Tcl_Main+0x1d0) [0x7fad13dc02f0]
/home/ubuntu/tools/Xilinx/Vivado/2020.2/lib/lnx64.o/librdi_common.so(+0xa1442b) [0x7fad19ac442b]
/lib/x86_64-linux-gnu/libpthread.so.0(+0x9609) [0x7fad186c6609]
/lib/x86_64-linux-gnu/libc.so.6(clone+0x43) [0x7fad18802293]
